<?xml version="1.0" encoding="UTF-8"?>
<testsuite name="Academy Choucair" tests="1" skipped="0" failures="0" errors="0" timestamp="2021-02-10T09:37:11" hostname="DESKTOP-G2R46MU" time="27.795">
  <properties/>
  <testcase name="Search for a Foundation Express course" classname="Academy Choucair" time="27.795"/>
  <system-out><![CDATA[]]></system-out>
  <system-err><![CDATA[[Test worker] WARN net.thucydides.core.steps.BaseStepListener - stepStarted: net.thucydides.core.steps.ExecutedStepDescription@3e7aafb0
[Test worker] WARN net.thucydides.core.steps.BaseStepListener - stepStarted: net.thucydides.core.steps.ExecutedStepDescription@14f0ff6f
[Test worker] WARN net.thucydides.core.steps.BaseStepListener - stepStarted: net.thucydides.core.steps.ExecutedStepDescription@10a5b8ca
feb. 10, 2021 4:37:13 A. M. org.openqa.selenium.remote.DesiredCapabilities chrome
INFORMACIÓN: Using `new ChromeOptions()` is preferred to `DesiredCapabilities.chrome()`
[Test worker] INFO net.serenitybdd.core.webdriver.driverproviders.ProvideNewDriver - Instantiating driver
[Test worker] INFO net.serenitybdd.core.webdriver.driverproviders.ProvideNewDriver - Driver capabilities: Capabilities {acceptInsecureCerts: false, browserName: chrome, chrome.switches: --start-maximized, goog:chromeOptions: {args: [--start-maximized], extensions: []}, loggingPrefs: org.openqa.selenium.logging..., platform: ANY, version: }
Starting ChromeDriver 88.0.4324.96 (68dba2d8a0b149a1d3afac56fa74648032bcf46b-refs/branch-heads/4324@{#1784}) on port 33900
Only local connections are allowed.
Please see https://chromedriver.chromium.org/security-considerations for suggestions on keeping ChromeDriver safe.
ChromeDriver was started successfully.
feb. 10, 2021 4:37:16 A. M. org.openqa.selenium.remote.ProtocolHandshake createSession
INFORMACIÓN: Detected dialect: W3C
[Test worker] WARN net.thucydides.core.steps.BaseStepListener - stepFinished: current outcome:Search for a Foundation Express course:Given than juan wants to learn about foundation express at the academy Choucair
| strUser | strPassword |
| 1072750731 | Choucair2021* | [Juan open up [juan opens the Choucair academy page]]
[Test worker] WARN net.thucydides.core.steps.BaseStepListener - stepFinished: current outcome:Search for a Foundation Express course:Given than juan wants to learn about foundation express at the academy Choucair
| strUser | strPassword |
| 1072750731 | Choucair2021* | [Juan open up [juan opens the Choucair academy page]]
[Test worker] WARN net.thucydides.core.steps.BaseStepListener - stepStarted: net.thucydides.core.steps.ExecutedStepDescription@1a394758
[Test worker] WARN net.thucydides.core.steps.BaseStepListener - stepStarted: net.thucydides.core.steps.ExecutedStepDescription@77f60826
[Test worker] WARN net.thucydides.core.steps.BaseStepListener - stepFinished: current outcome:Search for a Foundation Express course:Given than juan wants to learn about foundation express at the academy Choucair
| strUser | strPassword |
| 1072750731 | Choucair2021* | [Juan open up [juan opens the Choucair academy page], Juan login [juan clicks on button that shows us the form to login]]
[Test worker] WARN net.thucydides.core.steps.BaseStepListener - stepStarted: net.thucydides.core.steps.ExecutedStepDescription@4375435b
[Test worker] WARN net.thucydides.core.steps.BaseStepListener - stepFinished: current outcome:Search for a Foundation Express course:Given than juan wants to learn about foundation express at the academy Choucair
| strUser | strPassword |
| 1072750731 | Choucair2021* | [Juan open up [juan opens the Choucair academy page], Juan login [juan clicks on button that shows us the form to login, juan enters '1072750731' into where do we write the user]]
[Test worker] WARN net.thucydides.core.steps.BaseStepListener - stepStarted: net.thucydides.core.steps.ExecutedStepDescription@591a74a3
[Test worker] WARN net.thucydides.core.steps.BaseStepListener - stepFinished: current outcome:Search for a Foundation Express course:Given than juan wants to learn about foundation express at the academy Choucair
| strUser | strPassword |
| 1072750731 | Choucair2021* | [Juan open up [juan opens the Choucair academy page], Juan login [juan clicks on button that shows us the form to login, juan enters '1072750731' into where do we write the user, juan enters 'Choucair2021*' into where do we write the password]]
[Test worker] WARN net.thucydides.core.steps.BaseStepListener - stepStarted: net.thucydides.core.steps.ExecutedStepDescription@19004982
[Test worker] WARN net.thucydides.core.steps.BaseStepListener - stepFinished: current outcome:Search for a Foundation Express course:Given than juan wants to learn about foundation express at the academy Choucair
| strUser | strPassword |
| 1072750731 | Choucair2021* | [Juan open up [juan opens the Choucair academy page], Juan login [juan clicks on button that shows us the form to login, juan enters '1072750731' into where do we write the user, juan enters 'Choucair2021*' into where do we write the password, juan clicks on button to confirm login]]
[Test worker] WARN net.thucydides.core.steps.BaseStepListener - stepFinished: current outcome:Search for a Foundation Express course:Given than juan wants to learn about foundation express at the academy Choucair
| strUser | strPassword |
| 1072750731 | Choucair2021* | [Juan open up [juan opens the Choucair academy page], Juan login [juan clicks on button that shows us the form to login, juan enters '1072750731' into where do we write the user, juan enters 'Choucair2021*' into where do we write the password, juan clicks on button to confirm login]]
[Test worker] WARN net.thucydides.core.steps.BaseStepListener - stepFinished: current outcome:Search for a Foundation Express course:Given than juan wants to learn about foundation express at the academy Choucair
| strUser | strPassword |
| 1072750731 | Choucair2021* | [Juan open up [juan opens the Choucair academy page], Juan login [juan clicks on button that shows us the form to login, juan enters '1072750731' into where do we write the user, juan enters 'Choucair2021*' into where do we write the password, juan clicks on button to confirm login]]
[Test worker] WARN net.thucydides.core.steps.BaseStepListener - stepStarted: net.thucydides.core.steps.ExecutedStepDescription@4fe81482
[Test worker] WARN net.thucydides.core.steps.BaseStepListener - stepStarted: net.thucydides.core.steps.ExecutedStepDescription@5a37b8a3
[Test worker] WARN net.thucydides.core.steps.BaseStepListener - stepStarted: net.thucydides.core.steps.ExecutedStepDescription@69fb9cd0
[Test worker] WARN net.thucydides.core.steps.BaseStepListener - stepFinished: current outcome:Search for a Foundation Express course:Given than juan wants to learn about foundation express at the academy Choucair
| strUser | strPassword |
| 1072750731 | Choucair2021* | [Juan open up [juan opens the Choucair academy page], Juan login [juan clicks on button that shows us the form to login, juan enters '1072750731' into where do we write the user, juan enters 'Choucair2021*' into where do we write the password, juan clicks on button to confirm login]], When he search for the course on the Choucair Academy platform
| strCourse |
| Foundation Express | [Juan search [juan clicks on Selecciona cursos y certificaciones]]
[Test worker] WARN net.thucydides.core.steps.BaseStepListener - stepStarted: net.thucydides.core.steps.ExecutedStepDescription@41ab86e2
[Test worker] WARN net.thucydides.core.steps.BaseStepListener - stepFinished: current outcome:Search for a Foundation Express course:Given than juan wants to learn about foundation express at the academy Choucair
| strUser | strPassword |
| 1072750731 | Choucair2021* | [Juan open up [juan opens the Choucair academy page], Juan login [juan clicks on button that shows us the form to login, juan enters '1072750731' into where do we write the user, juan enters 'Choucair2021*' into where do we write the password, juan clicks on button to confirm login]], When he search for the course on the Choucair Academy platform
| strCourse |
| Foundation Express | [Juan search [juan clicks on Selecciona cursos y certificaciones, juan enters 'Foundation Express' into Buscar el curso]]
[Test worker] WARN net.thucydides.core.steps.BaseStepListener - stepStarted: net.thucydides.core.steps.ExecutedStepDescription@c8b5d75
[Test worker] WARN net.thucydides.core.steps.BaseStepListener - stepFinished: current outcome:Search for a Foundation Express course:Given than juan wants to learn about foundation express at the academy Choucair
| strUser | strPassword |
| 1072750731 | Choucair2021* | [Juan open up [juan opens the Choucair academy page], Juan login [juan clicks on button that shows us the form to login, juan enters '1072750731' into where do we write the user, juan enters 'Choucair2021*' into where do we write the password, juan clicks on button to confirm login]], When he search for the course on the Choucair Academy platform
| strCourse |
| Foundation Express | [Juan search [juan clicks on Selecciona cursos y certificaciones, juan enters 'Foundation Express' into Buscar el curso, juan clicks on Da click en ir para buscar el curso]]
[Test worker] WARN net.thucydides.core.steps.BaseStepListener - stepStarted: net.thucydides.core.steps.ExecutedStepDescription@7d76f018
[Test worker] WARN net.thucydides.core.steps.BaseStepListener - stepFinished: current outcome:Search for a Foundation Express course:Given than juan wants to learn about foundation express at the academy Choucair
| strUser | strPassword |
| 1072750731 | Choucair2021* | [Juan open up [juan opens the Choucair academy page], Juan login [juan clicks on button that shows us the form to login, juan enters '1072750731' into where do we write the user, juan enters 'Choucair2021*' into where do we write the password, juan clicks on button to confirm login]], When he search for the course on the Choucair Academy platform
| strCourse |
| Foundation Express | [Juan search [juan clicks on Selecciona cursos y certificaciones, juan enters 'Foundation Express' into Buscar el curso, juan clicks on Da click en ir para buscar el curso, juan clicks on Da click en el curso buscado]]
[Test worker] WARN net.thucydides.core.steps.BaseStepListener - stepFinished: current outcome:Search for a Foundation Express course:Given than juan wants to learn about foundation express at the academy Choucair
| strUser | strPassword |
| 1072750731 | Choucair2021* | [Juan open up [juan opens the Choucair academy page], Juan login [juan clicks on button that shows us the form to login, juan enters '1072750731' into where do we write the user, juan enters 'Choucair2021*' into where do we write the password, juan clicks on button to confirm login]], When he search for the course on the Choucair Academy platform
| strCourse |
| Foundation Express | [Juan search [juan clicks on Selecciona cursos y certificaciones, juan enters 'Foundation Express' into Buscar el curso, juan clicks on Da click en ir para buscar el curso, juan clicks on Da click en el curso buscado]]
[Test worker] WARN net.thucydides.core.steps.BaseStepListener - stepFinished: current outcome:Search for a Foundation Express course:Given than juan wants to learn about foundation express at the academy Choucair
| strUser | strPassword |
| 1072750731 | Choucair2021* | [Juan open up [juan opens the Choucair academy page], Juan login [juan clicks on button that shows us the form to login, juan enters '1072750731' into where do we write the user, juan enters 'Choucair2021*' into where do we write the password, juan clicks on button to confirm login]], When he search for the course on the Choucair Academy platform
| strCourse |
| Foundation Express | [Juan search [juan clicks on Selecciona cursos y certificaciones, juan enters 'Foundation Express' into Buscar el curso, juan clicks on Da click en ir para buscar el curso, juan clicks on Da click en el curso buscado]]
[Test worker] WARN net.thucydides.core.steps.BaseStepListener - stepStarted: net.thucydides.core.steps.ExecutedStepDescription@7b11fb93
[Test worker] WARN net.thucydides.core.steps.BaseStepListener - stepStarted: net.thucydides.core.steps.ExecutedStepDescription@79e82f85
[Test worker] WARN net.thucydides.core.steps.BaseStepListener - stepFinished: current outcome:Search for a Foundation Express course:Given than juan wants to learn about foundation express at the academy Choucair
| strUser | strPassword |
| 1072750731 | Choucair2021* | [Juan open up [juan opens the Choucair academy page], Juan login [juan clicks on button that shows us the form to login, juan enters '1072750731' into where do we write the user, juan enters 'Choucair2021*' into where do we write the password, juan clicks on button to confirm login]], When he search for the course on the Choucair Academy platform
| strCourse |
| Foundation Express | [Juan search [juan clicks on Selecciona cursos y certificaciones, juan enters 'Foundation Express' into Buscar el curso, juan clicks on Da click en ir para buscar el curso, juan clicks on Da click en el curso buscado]], Then he finds the course called
| strCourse |
| Foundation Express | [Then answer]
[Test worker] WARN net.thucydides.core.steps.BaseStepListener - stepFinished: current outcome:Search for a Foundation Express course:Given than juan wants to learn about foundation express at the academy Choucair
| strUser | strPassword |
| 1072750731 | Choucair2021* | [Juan open up [juan opens the Choucair academy page], Juan login [juan clicks on button that shows us the form to login, juan enters '1072750731' into where do we write the user, juan enters 'Choucair2021*' into where do we write the password, juan clicks on button to confirm login]], When he search for the course on the Choucair Academy platform
| strCourse |
| Foundation Express | [Juan search [juan clicks on Selecciona cursos y certificaciones, juan enters 'Foundation Express' into Buscar el curso, juan clicks on Da click en ir para buscar el curso, juan clicks on Da click en el curso buscado]], Then he finds the course called
| strCourse |
| Foundation Express | [Then answer]
[Test worker] WARN net.thucydides.core.steps.BaseStepListener - testFinished: Search for a Foundation Express course:Given than juan wants to learn about foundation express at the academy Choucair
| strUser | strPassword |
| 1072750731 | Choucair2021* | [Juan open up [juan opens the Choucair academy page], Juan login [juan clicks on button that shows us the form to login, juan enters '1072750731' into where do we write the user, juan enters 'Choucair2021*' into where do we write the password, juan clicks on button to confirm login]], When he search for the course on the Choucair Academy platform
| strCourse |
| Foundation Express | [Juan search [juan clicks on Selecciona cursos y certificaciones, juan enters 'Foundation Express' into Buscar el curso, juan clicks on Da click en ir para buscar el curso, juan clicks on Da click en el curso buscado]], Then he finds the course called
| strCourse |
| Foundation Express | [Then answer]
[Test worker] WARN net.thucydides.core.steps.BaseStepListener - TestOutcomes: [Search for a Foundation Express course:Given than juan wants to learn about foundation express at the academy Choucair
| strUser | strPassword |
| 1072750731 | Choucair2021* | [Juan open up [juan opens the Choucair academy page], Juan login [juan clicks on button that shows us the form to login, juan enters '1072750731' into where do we write the user, juan enters 'Choucair2021*' into where do we write the password, juan clicks on button to confirm login]], When he search for the course on the Choucair Academy platform
| strCourse |
| Foundation Express | [Juan search [juan clicks on Selecciona cursos y certificaciones, juan enters 'Foundation Express' into Buscar el curso, juan clicks on Da click en ir para buscar el curso, juan clicks on Da click en el curso buscado]], Then he finds the course called
| strCourse |
| Foundation Express | [Then answer]]
[Test worker] WARN net.thucydides.core.steps.BaseStepListener - Final testOutcomes: [Search for a Foundation Express course:Given than juan wants to learn about foundation express at the academy Choucair
| strUser | strPassword |
| 1072750731 | Choucair2021* | [Juan open up [juan opens the Choucair academy page], Juan login [juan clicks on button that shows us the form to login, juan enters '1072750731' into where do we write the user, juan enters 'Choucair2021*' into where do we write the password, juan clicks on button to confirm login]], When he search for the course on the Choucair Academy platform
| strCourse |
| Foundation Express | [Juan search [juan clicks on Selecciona cursos y certificaciones, juan enters 'Foundation Express' into Buscar el curso, juan clicks on Da click en ir para buscar el curso, juan clicks on Da click en el curso buscado]], Then he finds the course called
| strCourse |
| Foundation Express | [Then answer]]
[Test worker] INFO net.thucydides.core.steps.ConsoleLoggingListener - 
        __    _____ _____ ____ _____   ____   _    ____  ____  _____ ____  
  _     \ \  |_   _| ____/ ___|_   _| |  _ \ / \  / ___|/ ___|| ____|  _ \ 
 (_)_____| |   | | |  _| \___ \ | |   | |_) / _ \ \___ \\___ \|  _| | | | |
  _|_____| |   | | | |___ ___) || |   |  __/ ___ \ ___) |___) | |___| |_| |
 (_)     | |   |_| |_____|____/ |_|   |_| /_/   \_\____/|____/|_____|____/ 
        /_/                                                                

TEST PASSED: Search for a Foundation Express course
----------------------------------------------------------------------------
]]></system-err>
</testsuite>
