<?xml version="1.0" encoding="UTF-8"?>
<testsuite name="Academy Choucair" tests="1" skipped="0" failures="0" errors="0" timestamp="2021-02-10T18:28:52" hostname="DESKTOP-G2R46MU" time="30.608">
  <properties/>
  <testcase name="Search for a foundation express course" classname="Academy Choucair" time="30.608"/>
  <system-out><![CDATA[]]></system-out>
  <system-err><![CDATA[[Test worker] WARN net.thucydides.core.steps.BaseStepListener - stepStarted: net.thucydides.core.steps.ExecutedStepDescription@7cbd2ed
[Test worker] WARN net.thucydides.core.steps.BaseStepListener - stepStarted: net.thucydides.core.steps.ExecutedStepDescription@36885d5a
[Test worker] WARN net.thucydides.core.steps.BaseStepListener - stepStarted: net.thucydides.core.steps.ExecutedStepDescription@3a358d0a
feb. 10, 2021 1:28:53 P. M. org.openqa.selenium.remote.DesiredCapabilities chrome
INFORMACIÓN: Using `new ChromeOptions()` is preferred to `DesiredCapabilities.chrome()`
[Test worker] INFO net.serenitybdd.core.webdriver.driverproviders.ProvideNewDriver - Instantiating driver
[Test worker] INFO net.serenitybdd.core.webdriver.driverproviders.ProvideNewDriver - Driver capabilities: Capabilities {acceptInsecureCerts: false, browserName: chrome, chrome.switches: --start-maximized, goog:chromeOptions: {args: [--start-maximized], extensions: []}, loggingPrefs: org.openqa.selenium.logging..., platform: ANY, version: }
Starting ChromeDriver 88.0.4324.96 (68dba2d8a0b149a1d3afac56fa74648032bcf46b-refs/branch-heads/4324@{#1784}) on port 27436
Only local connections are allowed.
Please see https://chromedriver.chromium.org/security-considerations for suggestions on keeping ChromeDriver safe.
ChromeDriver was started successfully.
feb. 10, 2021 1:28:57 P. M. org.openqa.selenium.remote.ProtocolHandshake createSession
INFORMACIÓN: Detected dialect: W3C
[Test worker] WARN net.thucydides.core.steps.BaseStepListener - stepFinished: current outcome:Search for a foundation express course:Given than juan wants to learn about foundation at the academy Choucair
| strUser | strPassword |
| 1072750731 | Choucair2021* | [Juan open up [juan opens the Choucair academy page]]
[Test worker] WARN net.thucydides.core.steps.BaseStepListener - stepFinished: current outcome:Search for a foundation express course:Given than juan wants to learn about foundation at the academy Choucair
| strUser | strPassword |
| 1072750731 | Choucair2021* | [Juan open up [juan opens the Choucair academy page]]
[Test worker] WARN net.thucydides.core.steps.BaseStepListener - stepStarted: net.thucydides.core.steps.ExecutedStepDescription@15aada55
[Test worker] WARN net.thucydides.core.steps.BaseStepListener - stepStarted: net.thucydides.core.steps.ExecutedStepDescription@49a692c0
[Test worker] WARN net.thucydides.core.steps.BaseStepListener - stepFinished: current outcome:Search for a foundation express course:Given than juan wants to learn about foundation at the academy Choucair
| strUser | strPassword |
| 1072750731 | Choucair2021* | [Juan open up [juan opens the Choucair academy page], Juan login [juan clicks on button that shows us the form to login]]
[Test worker] WARN net.thucydides.core.steps.BaseStepListener - stepStarted: net.thucydides.core.steps.ExecutedStepDescription@10cbfc1c
[Test worker] WARN net.thucydides.core.steps.BaseStepListener - stepFinished: current outcome:Search for a foundation express course:Given than juan wants to learn about foundation at the academy Choucair
| strUser | strPassword |
| 1072750731 | Choucair2021* | [Juan open up [juan opens the Choucair academy page], Juan login [juan clicks on button that shows us the form to login, juan enters '1072750731' into where do we write the user]]
[Test worker] WARN net.thucydides.core.steps.BaseStepListener - stepStarted: net.thucydides.core.steps.ExecutedStepDescription@55e3d950
[Test worker] WARN net.thucydides.core.steps.BaseStepListener - stepFinished: current outcome:Search for a foundation express course:Given than juan wants to learn about foundation at the academy Choucair
| strUser | strPassword |
| 1072750731 | Choucair2021* | [Juan open up [juan opens the Choucair academy page], Juan login [juan clicks on button that shows us the form to login, juan enters '1072750731' into where do we write the user, juan enters 'Choucair2021*' into where do we write the password]]
[Test worker] WARN net.thucydides.core.steps.BaseStepListener - stepStarted: net.thucydides.core.steps.ExecutedStepDescription@35a37851
[Test worker] WARN net.thucydides.core.steps.BaseStepListener - stepFinished: current outcome:Search for a foundation express course:Given than juan wants to learn about foundation at the academy Choucair
| strUser | strPassword |
| 1072750731 | Choucair2021* | [Juan open up [juan opens the Choucair academy page], Juan login [juan clicks on button that shows us the form to login, juan enters '1072750731' into where do we write the user, juan enters 'Choucair2021*' into where do we write the password, juan clicks on button to confirm login]]
[Test worker] WARN net.thucydides.core.steps.BaseStepListener - stepFinished: current outcome:Search for a foundation express course:Given than juan wants to learn about foundation at the academy Choucair
| strUser | strPassword |
| 1072750731 | Choucair2021* | [Juan open up [juan opens the Choucair academy page], Juan login [juan clicks on button that shows us the form to login, juan enters '1072750731' into where do we write the user, juan enters 'Choucair2021*' into where do we write the password, juan clicks on button to confirm login]]
[Test worker] WARN net.thucydides.core.steps.BaseStepListener - stepFinished: current outcome:Search for a foundation express course:Given than juan wants to learn about foundation at the academy Choucair
| strUser | strPassword |
| 1072750731 | Choucair2021* | [Juan open up [juan opens the Choucair academy page], Juan login [juan clicks on button that shows us the form to login, juan enters '1072750731' into where do we write the user, juan enters 'Choucair2021*' into where do we write the password, juan clicks on button to confirm login]]
[Test worker] WARN net.thucydides.core.steps.BaseStepListener - stepStarted: net.thucydides.core.steps.ExecutedStepDescription@77c6567b
[Test worker] WARN net.thucydides.core.steps.BaseStepListener - stepStarted: net.thucydides.core.steps.ExecutedStepDescription@11f835bc
[Test worker] WARN net.thucydides.core.steps.BaseStepListener - stepStarted: net.thucydides.core.steps.ExecutedStepDescription@137b7b
[Test worker] WARN net.thucydides.core.steps.BaseStepListener - stepFinished: current outcome:Search for a foundation express course:Given than juan wants to learn about foundation at the academy Choucair
| strUser | strPassword |
| 1072750731 | Choucair2021* | [Juan open up [juan opens the Choucair academy page], Juan login [juan clicks on button that shows us the form to login, juan enters '1072750731' into where do we write the user, juan enters 'Choucair2021*' into where do we write the password, juan clicks on button to confirm login]], When he search for the course on the Choucair Academy platform
| strCourse |
| Foundation Express | [Juan search [juan clicks on Selecciona cursos y certificaciones]]
[Test worker] WARN net.thucydides.core.steps.BaseStepListener - stepStarted: net.thucydides.core.steps.ExecutedStepDescription@4aa3109
[Test worker] WARN net.thucydides.core.steps.BaseStepListener - stepFinished: current outcome:Search for a foundation express course:Given than juan wants to learn about foundation at the academy Choucair
| strUser | strPassword |
| 1072750731 | Choucair2021* | [Juan open up [juan opens the Choucair academy page], Juan login [juan clicks on button that shows us the form to login, juan enters '1072750731' into where do we write the user, juan enters 'Choucair2021*' into where do we write the password, juan clicks on button to confirm login]], When he search for the course on the Choucair Academy platform
| strCourse |
| Foundation Express | [Juan search [juan clicks on Selecciona cursos y certificaciones, juan enters 'Foundation Express' into Buscar el curso]]
[Test worker] WARN net.thucydides.core.steps.BaseStepListener - stepStarted: net.thucydides.core.steps.ExecutedStepDescription@51f144f4
[Test worker] WARN net.thucydides.core.steps.BaseStepListener - stepFinished: current outcome:Search for a foundation express course:Given than juan wants to learn about foundation at the academy Choucair
| strUser | strPassword |
| 1072750731 | Choucair2021* | [Juan open up [juan opens the Choucair academy page], Juan login [juan clicks on button that shows us the form to login, juan enters '1072750731' into where do we write the user, juan enters 'Choucair2021*' into where do we write the password, juan clicks on button to confirm login]], When he search for the course on the Choucair Academy platform
| strCourse |
| Foundation Express | [Juan search [juan clicks on Selecciona cursos y certificaciones, juan enters 'Foundation Express' into Buscar el curso, juan clicks on Da click en ir para buscar el curso]]
[Test worker] WARN net.thucydides.core.steps.BaseStepListener - stepStarted: net.thucydides.core.steps.ExecutedStepDescription@58013c17
[Test worker] WARN net.thucydides.core.steps.BaseStepListener - stepFinished: current outcome:Search for a foundation express course:Given than juan wants to learn about foundation at the academy Choucair
| strUser | strPassword |
| 1072750731 | Choucair2021* | [Juan open up [juan opens the Choucair academy page], Juan login [juan clicks on button that shows us the form to login, juan enters '1072750731' into where do we write the user, juan enters 'Choucair2021*' into where do we write the password, juan clicks on button to confirm login]], When he search for the course on the Choucair Academy platform
| strCourse |
| Foundation Express | [Juan search [juan clicks on Selecciona cursos y certificaciones, juan enters 'Foundation Express' into Buscar el curso, juan clicks on Da click en ir para buscar el curso, juan clicks on Da click en el curso buscado]]
[Test worker] WARN net.thucydides.core.steps.BaseStepListener - stepFinished: current outcome:Search for a foundation express course:Given than juan wants to learn about foundation at the academy Choucair
| strUser | strPassword |
| 1072750731 | Choucair2021* | [Juan open up [juan opens the Choucair academy page], Juan login [juan clicks on button that shows us the form to login, juan enters '1072750731' into where do we write the user, juan enters 'Choucair2021*' into where do we write the password, juan clicks on button to confirm login]], When he search for the course on the Choucair Academy platform
| strCourse |
| Foundation Express | [Juan search [juan clicks on Selecciona cursos y certificaciones, juan enters 'Foundation Express' into Buscar el curso, juan clicks on Da click en ir para buscar el curso, juan clicks on Da click en el curso buscado]]
[Test worker] WARN net.thucydides.core.steps.BaseStepListener - stepFinished: current outcome:Search for a foundation express course:Given than juan wants to learn about foundation at the academy Choucair
| strUser | strPassword |
| 1072750731 | Choucair2021* | [Juan open up [juan opens the Choucair academy page], Juan login [juan clicks on button that shows us the form to login, juan enters '1072750731' into where do we write the user, juan enters 'Choucair2021*' into where do we write the password, juan clicks on button to confirm login]], When he search for the course on the Choucair Academy platform
| strCourse |
| Foundation Express | [Juan search [juan clicks on Selecciona cursos y certificaciones, juan enters 'Foundation Express' into Buscar el curso, juan clicks on Da click en ir para buscar el curso, juan clicks on Da click en el curso buscado]]
[Test worker] WARN net.thucydides.core.steps.BaseStepListener - stepStarted: net.thucydides.core.steps.ExecutedStepDescription@1638ee74
[Test worker] WARN net.thucydides.core.steps.BaseStepListener - stepStarted: net.thucydides.core.steps.ExecutedStepDescription@12202d43
[Test worker] WARN net.thucydides.core.steps.BaseStepListener - stepFinished: current outcome:Search for a foundation express course:Given than juan wants to learn about foundation at the academy Choucair
| strUser | strPassword |
| 1072750731 | Choucair2021* | [Juan open up [juan opens the Choucair academy page], Juan login [juan clicks on button that shows us the form to login, juan enters '1072750731' into where do we write the user, juan enters 'Choucair2021*' into where do we write the password, juan clicks on button to confirm login]], When he search for the course on the Choucair Academy platform
| strCourse |
| Foundation Express | [Juan search [juan clicks on Selecciona cursos y certificaciones, juan enters 'Foundation Express' into Buscar el curso, juan clicks on Da click en ir para buscar el curso, juan clicks on Da click en el curso buscado]], Then he finds the course called
| strCourse |
| Foundation Express | [Then answer]
[Test worker] WARN net.thucydides.core.steps.BaseStepListener - stepFinished: current outcome:Search for a foundation express course:Given than juan wants to learn about foundation at the academy Choucair
| strUser | strPassword |
| 1072750731 | Choucair2021* | [Juan open up [juan opens the Choucair academy page], Juan login [juan clicks on button that shows us the form to login, juan enters '1072750731' into where do we write the user, juan enters 'Choucair2021*' into where do we write the password, juan clicks on button to confirm login]], When he search for the course on the Choucair Academy platform
| strCourse |
| Foundation Express | [Juan search [juan clicks on Selecciona cursos y certificaciones, juan enters 'Foundation Express' into Buscar el curso, juan clicks on Da click en ir para buscar el curso, juan clicks on Da click en el curso buscado]], Then he finds the course called
| strCourse |
| Foundation Express | [Then answer]
[Test worker] WARN net.thucydides.core.steps.BaseStepListener - testFinished: Search for a foundation express course:Given than juan wants to learn about foundation at the academy Choucair
| strUser | strPassword |
| 1072750731 | Choucair2021* | [Juan open up [juan opens the Choucair academy page], Juan login [juan clicks on button that shows us the form to login, juan enters '1072750731' into where do we write the user, juan enters 'Choucair2021*' into where do we write the password, juan clicks on button to confirm login]], When he search for the course on the Choucair Academy platform
| strCourse |
| Foundation Express | [Juan search [juan clicks on Selecciona cursos y certificaciones, juan enters 'Foundation Express' into Buscar el curso, juan clicks on Da click en ir para buscar el curso, juan clicks on Da click en el curso buscado]], Then he finds the course called
| strCourse |
| Foundation Express | [Then answer]
[Test worker] WARN net.thucydides.core.steps.BaseStepListener - TestOutcomes: [Search for a foundation express course:Given than juan wants to learn about foundation at the academy Choucair
| strUser | strPassword |
| 1072750731 | Choucair2021* | [Juan open up [juan opens the Choucair academy page], Juan login [juan clicks on button that shows us the form to login, juan enters '1072750731' into where do we write the user, juan enters 'Choucair2021*' into where do we write the password, juan clicks on button to confirm login]], When he search for the course on the Choucair Academy platform
| strCourse |
| Foundation Express | [Juan search [juan clicks on Selecciona cursos y certificaciones, juan enters 'Foundation Express' into Buscar el curso, juan clicks on Da click en ir para buscar el curso, juan clicks on Da click en el curso buscado]], Then he finds the course called
| strCourse |
| Foundation Express | [Then answer]]
[Test worker] WARN net.thucydides.core.steps.BaseStepListener - Final testOutcomes: [Search for a foundation express course:Given than juan wants to learn about foundation at the academy Choucair
| strUser | strPassword |
| 1072750731 | Choucair2021* | [Juan open up [juan opens the Choucair academy page], Juan login [juan clicks on button that shows us the form to login, juan enters '1072750731' into where do we write the user, juan enters 'Choucair2021*' into where do we write the password, juan clicks on button to confirm login]], When he search for the course on the Choucair Academy platform
| strCourse |
| Foundation Express | [Juan search [juan clicks on Selecciona cursos y certificaciones, juan enters 'Foundation Express' into Buscar el curso, juan clicks on Da click en ir para buscar el curso, juan clicks on Da click en el curso buscado]], Then he finds the course called
| strCourse |
| Foundation Express | [Then answer]]
[Test worker] INFO net.thucydides.core.steps.ConsoleLoggingListener - 
        __    _____ _____ ____ _____   ____   _    ____  ____  _____ ____  
  _     \ \  |_   _| ____/ ___|_   _| |  _ \ / \  / ___|/ ___|| ____|  _ \ 
 (_)_____| |   | | |  _| \___ \ | |   | |_) / _ \ \___ \\___ \|  _| | | | |
  _|_____| |   | | | |___ ___) || |   |  __/ ___ \ ___) |___) | |___| |_| |
 (_)     | |   |_| |_____|____/ |_|   |_| /_/   \_\____/|____/|_____|____/ 
        /_/                                                                

TEST PASSED: Search for a foundation express course
----------------------------------------------------------------------------
]]></system-err>
</testsuite>
